{"numFailedTestSuites":0,"numFailedTests":0,"numPassedTestSuites":1,"numPassedTests":13,"numPendingTestSuites":0,"numPendingTests":0,"numRuntimeErrorTestSuites":0,"numTodoTests":0,"numTotalTestSuites":1,"numTotalTests":13,"openHandles":[],"snapshot":{"added":0,"didUpdate":false,"failure":false,"filesAdded":0,"filesRemoved":0,"filesRemovedList":[],"filesUnmatched":0,"filesUpdated":0,"matched":0,"total":0,"unchecked":0,"uncheckedKeysByFile":[],"unmatched":0,"updated":0},"startTime":1752765549477,"success":true,"testResults":[{"assertionResults":[{"ancestorTitles":["Payments API"],"duration":922,"failureDetails":[],"failureMessages":[],"fullName":"Payments API should return 401 for unauthenticated access","invocations":1,"location":null,"numPassingAsserts":1,"retryReasons":[],"status":"passed","title":"should return 401 for unauthenticated access"},{"ancestorTitles":["Invoice PDF Endpoint"],"duration":843,"failureDetails":[],"failureMessages":[],"fullName":"Invoice PDF Endpoint should allow provider to download invoice PDF","invocations":1,"location":null,"numPassingAsserts":2,"retryReasons":[],"status":"passed","title":"should allow provider to download invoice PDF"},{"ancestorTitles":["Invoice PDF Endpoint"],"duration":751,"failureDetails":[],"failureMessages":[],"fullName":"Invoice PDF Endpoint should allow tasker to download invoice PDF","invocations":1,"location":null,"numPassingAsserts":2,"retryReasons":[],"status":"passed","title":"should allow tasker to download invoice PDF"},{"ancestorTitles":["Invoice PDF Endpoint"],"duration":862,"failureDetails":[],"failureMessages":[],"fullName":"Invoice PDF Endpoint should allow admin to download invoice PDF","invocations":1,"location":null,"numPassingAsserts":2,"retryReasons":[],"status":"passed","title":"should allow admin to download invoice PDF"},{"ancestorTitles":["Invoice PDF Endpoint"],"duration":1063,"failureDetails":[],"failureMessages":[],"fullName":"Invoice PDF Endpoint should not allow unrelated user to download invoice PDF","invocations":1,"location":null,"numPassingAsserts":1,"retryReasons":[],"status":"passed","title":"should not allow unrelated user to download invoice PDF"},{"ancestorTitles":["Invoice PDF Endpoint"],"duration":749,"failureDetails":[],"failureMessages":[],"fullName":"Invoice PDF Endpoint should return 404 for non-existent payment","invocations":1,"location":null,"numPassingAsserts":1,"retryReasons":[],"status":"passed","title":"should return 404 for non-existent payment"},{"ancestorTitles":["Withdrawal Endpoints","GET /api/v1/payments/balance"],"duration":765,"failureDetails":[],"failureMessages":[],"fullName":"Withdrawal Endpoints GET /api/v1/payments/balance should allow tasker to get balance","invocations":1,"location":null,"numPassingAsserts":4,"retryReasons":[],"status":"passed","title":"should allow tasker to get balance"},{"ancestorTitles":["Withdrawal Endpoints","GET /api/v1/payments/balance"],"duration":743,"failureDetails":[],"failureMessages":[],"fullName":"Withdrawal Endpoints GET /api/v1/payments/balance should not allow provider to get balance","invocations":1,"location":null,"numPassingAsserts":1,"retryReasons":[],"status":"passed","title":"should not allow provider to get balance"},{"ancestorTitles":["Withdrawal Endpoints","GET /api/v1/payments/balance"],"duration":778,"failureDetails":[],"failureMessages":[],"fullName":"Withdrawal Endpoints GET /api/v1/payments/balance should return 400 if user has no Stripe account","invocations":1,"location":null,"numPassingAsserts":1,"retryReasons":[],"status":"passed","title":"should return 400 if user has no Stripe account"},{"ancestorTitles":["Withdrawal Endpoints","POST /api/v1/payments/withdraw"],"duration":752,"failureDetails":[],"failureMessages":[],"fullName":"Withdrawal Endpoints POST /api/v1/payments/withdraw should allow tasker to withdraw valid amount","invocations":1,"location":null,"numPassingAsserts":4,"retryReasons":[],"status":"passed","title":"should allow tasker to withdraw valid amount"},{"ancestorTitles":["Withdrawal Endpoints","POST /api/v1/payments/withdraw"],"duration":747,"failureDetails":[],"failureMessages":[],"fullName":"Withdrawal Endpoints POST /api/v1/payments/withdraw should not allow provider to withdraw","invocations":1,"location":null,"numPassingAsserts":1,"retryReasons":[],"status":"passed","title":"should not allow provider to withdraw"},{"ancestorTitles":["Withdrawal Endpoints","POST /api/v1/payments/withdraw"],"duration":806,"failureDetails":[],"failureMessages":[],"fullName":"Withdrawal Endpoints POST /api/v1/payments/withdraw should validate withdrawal amount","invocations":1,"location":null,"numPassingAsserts":1,"retryReasons":[],"status":"passed","title":"should validate withdrawal amount"},{"ancestorTitles":["Withdrawal Endpoints","POST /api/v1/payments/withdraw"],"duration":756,"failureDetails":[],"failureMessages":[],"fullName":"Withdrawal Endpoints POST /api/v1/payments/withdraw should return 400 if user has no Stripe account","invocations":1,"location":null,"numPassingAsserts":1,"retryReasons":[],"status":"passed","title":"should return 400 if user has no Stripe account"}],"endTime":1752765562865,"message":"","name":"D:\\Code\\Gygg\\gygg-platform\\backend\\tests\\payment.test.js","startTime":1752765549516,"status":"passed","summary":""}],"wasInterrupted":false}
